07-Jan-2019;00.16.13;Communication error
07-Jan-2019;08.27.07;Communication error
07-Jan-2019;09.11.56;Communication error
07-Jan-2019;14.45.41;Communication error
07-Jan-2019;16.21.41;Communication error
08-Jan-2019;01.34.21;Communication error
08-Jan-2019;08.47.09;Communication error
08-Jan-2019;13.20.56;Communication error
08-Jan-2019;13.31.18;Communication error
08-Jan-2019;14.44.25;Communication error
08-Jan-2019;19.37.41;Communication error
09-Jan-2019;05.54.48;Communication error
11-Jan-2019;03.15.29;Communication error
11-Jan-2019;17.59.45;Communication error
11-Jan-2019;18.44.23;Communication error
12-Jan-2019;00.36.10;Communication error
12-Jan-2019;04.44.05;Communication error
12-Jan-2019;19.02.31;Communication error
12-Jan-2019;19.19.34;Communication error
13-Jan-2019;00.37.48;Communication error
13-Jan-2019;13.47.00;Communication error
13-Jan-2019;23.35.37;Communication error
14-Jan-2019;05.45.54;Communication error
14-Jan-2019;11.30.06;Communication error
14-Jan-2019;13.26.48;Communication error
14-Jan-2019;14.42.07;Communication error
14-Jan-2019;19.47.31;Communication error
14-Jan-2019;21.39.06;Communication error
14-Jan-2019;23.00.17;Communication error
15-Jan-2019;05.01.21;Communication error
15-Jan-2019;06.42.16;Communication error
15-Jan-2019;17.55.16;Communication error
15-Jan-2019;18.17.54;Communication error
15-Jan-2019;21.39.55;Communication error
16-Jan-2019;03.59.15;Communication error
16-Jan-2019;22.20.16;Communication error
18-Jan-2019;20.18.56;Communication error
19-Jan-2019;00.47.02;Communication error
19-Jan-2019;02.51.44;Communication error
Letti valori nulli per volt e ampere
19-Jan-2019;11.35.16;Communication error
19-Jan-2019;18.07.26;Communication error
20-Jan-2019;04.07.55;Communication error
20-Jan-2019;04.12.23;Communication error
20-Jan-2019;10.27.31;Communication error
21-Jan-2019;00.34.31;Communication error
21-Jan-2019;10.39.56;Communication error
21-Jan-2019;14.19.08;Communication error
21-Jan-2019;21.19.07;Communication error
22-Jan-2019;01.32.06;Communication error
23-Jan-2019;12.28.15;Communication error
24-Jan-2019;11.43.19;Communication error
24-Jan-2019;22.09.45;Communication error
25-Jan-2019;12.48.38;Communication error
26-Jan-2019;03.43.54;Communication error
26-Jan-2019;07.19.41;Communication error
26-Jan-2019;09.41.12;Communication error
26-Jan-2019;12.52.12;Communication error
27-Jan-2019;14.00.27;Communication error
27-Jan-2019;18.13.24;Communication error
28-Jan-2019;07.57.17;Communication error
28-Jan-2019;09.28.09;Communication error
28-Jan-2019;10.24.42;Communication error
28-Jan-2019;15.56.37;Communication error
28-Jan-2019;19.44.28;Communication error
29-Jan-2019;00.44.17;Communication error
29-Jan-2019;02.27.37;Communication error
29-Jan-2019;05.17.48;Communication error
29-Jan-2019;08.20.05;Communication error
29-Jan-2019;09.42.13;Communication error
29-Jan-2019;14.27.03;Communication error
29-Jan-2019;21.17.17;Communication error
29-Jan-2019;22.21.43;Communication error
30-Jan-2019;00.47.56;Communication error
30-Jan-2019;08.59.48;Communication error
30-Jan-2019;17.48.45;Communication error
31-Jan-2019;01.34.40;Communication error
31-Jan-2019;11.57.15;Communication error
01-Feb-2019;01.58.22;Communication error
01-Feb-2019;05.26.01;Communication error
01-Feb-2019;12.37.52;Communication error
01-Feb-2019;19.09.12;Communication error
01-Feb-2019;23.33.35;Communication error
02-Feb-2019;01.02.59;Communication error
02-Feb-2019;06.07.34;Communication error
02-Feb-2019;11.04.40;Communication error
02-Feb-2019;13.24.44;Communication error
02-Feb-2019;21.18.48;Communication error
03-Feb-2019;07.00.17;Communication error
03-Feb-2019;09.35.32;Communication error
03-Feb-2019;16.25.06;Communication error
04-Feb-2019;01.48.03;Communication error
04-Feb-2019;18.30.27;Communication error
04-Feb-2019;19.59.59;Communication error
04-Feb-2019;23.51.38;Communication error
05-Feb-2019;02.06.34;Communication error
05-Feb-2019;05.39.26;Communication error
05-Feb-2019;06.16.25;Communication error
05-Feb-2019;06.54.54;Communication error
05-Feb-2019;09.29.54;Communication error
05-Feb-2019;20.43.30;Communication error
06-Feb-2019;02.14.46;Communication error
06-Feb-2019;04.39.51;Communication error
06-Feb-2019;06.00.00;Communication error
06-Feb-2019;12.08.08;Communication error
06-Feb-2019;16.17.04;Communication error
06-Feb-2019;16.44.10;Communication error
07-Feb-2019;12.16.36;Communication error
07-Feb-2019;18.10.04;Communication error
07-Feb-2019;23.45.51;Communication error
08-Feb-2019;03.24.00;Communication error
08-Feb-2019;04.00.41;Communication error
08-Feb-2019;05.30.47;Communication error
08-Feb-2019;07.28.17;Communication error
09-Feb-2019;02.54.30;Communication error
09-Feb-2019;11.02.56;Communication error
09-Feb-2019;18.59.40;Communication error
09-Feb-2019;19.04.13;Communication error
09-Feb-2019;20.13.38;Communication error
10-Feb-2019;01.28.48;Communication error
10-Feb-2019;08.31.07;Communication error
10-Feb-2019;22.39.09;Communication error
11-Feb-2019;00.02.27;Communication error
11-Feb-2019;05.17.23;Communication error
11-Feb-2019;05.28.52;Communication error
11-Feb-2019;10.35.17;Communication error
11-Feb-2019;11.24.39;Communication error
12-Feb-2019;02.37.42;Communication error
12-Feb-2019;12.30.08;Communication error
12-Feb-2019;17.29.38;Communication error
12-Feb-2019;17.55.36;Communication error
12-Feb-2019;21.48.12;Communication error
13-Feb-2019;05.15.24;Communication error
13-Feb-2019;06.01.20;Communication error
13-Feb-2019;22.40.01;Communication error
14-Feb-2019;01.14.38;Communication error
14-Feb-2019;02.10.34;Communication error
14-Feb-2019;02.44.09;Communication error
14-Feb-2019;12.51.55;Communication error
14-Feb-2019;15.36.46;Communication error
14-Feb-2019;20.50.31;Communication error
15-Feb-2019;07.49.28;Communication error
15-Feb-2019;13.37.39;Communication error
15-Feb-2019;13.42.07;Communication error
15-Feb-2019;19.25.12;Communication error
15-Feb-2019;20.22.05;Communication error
15-Feb-2019;21.42.27;Communication error
16-Feb-2019;02.58.42;Communication error
16-Feb-2019;05.36.58;Communication error
16-Feb-2019;06.12.12;Communication error
16-Feb-2019;11.09.06;Communication error
16-Feb-2019;12.47.17;Communication error
17-Feb-2019;01.47.49;Communication error
17-Feb-2019;02.21.20;Communication error
17-Feb-2019;12.24.28;Communication error
17-Feb-2019;15.24.25;Communication error
18-Feb-2019;02.00.15;Communication error
18-Feb-2019;04.05.49;Communication error
18-Feb-2019;08.55.53;Communication error
18-Feb-2019;13.01.05;Communication error
18-Feb-2019;13.07.11;Communication error
18-Feb-2019;14.06.56;Communication error
18-Feb-2019;14.12.00;Communication error
19-Feb-2019;05.44.16;Communication error
19-Feb-2019;08.18.31;Communication error
19-Feb-2019;13.54.45;Communication error
19-Feb-2019;18.29.32;Communication error
21-Feb-2019;08.01.17;Communication error
21-Feb-2019;13.44.57;Communication error
22-Feb-2019;02.58.14;Communication error
22-Feb-2019;05.35.22;Communication error
22-Feb-2019;06.58.29;Communication error
22-Feb-2019;14.18.34;Communication error
22-Feb-2019;20.03.46;Communication error
24-Feb-2019;06.21.39;Communication error
24-Feb-2019;08.07.51;Communication error
24-Feb-2019;08.36.40;Communication error
24-Feb-2019;12.55.39;Communication error
24-Feb-2019;13.53.04;Communication error
24-Feb-2019;16.59.49;Communication error
24-Feb-2019;18.04.43;Communication error
24-Feb-2019;22.47.53;Communication error
24-Feb-2019;23.26.07;Communication error
25-Feb-2019;04.43.01;Communication error
25-Feb-2019;09.09.33;Communication error
25-Feb-2019;21.10.28;Communication error
26-Feb-2019;09.29.00;Communication error
26-Feb-2019;15.24.55;Communication error
26-Feb-2019;16.30.26;Communication error
26-Feb-2019;16.43.22;Communication error
27-Feb-2019;20.57.08;Communication error
27-Feb-2019;21.58.28;Communication error
27-Feb-2019;22.31.41;Communication error
28-Feb-2019;03.06.49;Communication error
28-Feb-2019;06.55.30;Communication error
28-Feb-2019;08.48.37;Communication error
28-Feb-2019;15.35.53;Communication error
01-Mar-2019;02.51.13;Communication error
01-Mar-2019;13.14.09;Communication error
01-Mar-2019;14.16.34;Communication error
01-Mar-2019;16.57.50;Communication error
02-Mar-2019;11.42.41;Communication error
02-Mar-2019;11.42.47;Communication error
02-Mar-2019;11.42.52;Communication error
02-Mar-2019;11.42.58;Communication error
02-Mar-2019;11.43.03;Communication error
02-Mar-2019;11.43.09;Communication error
02-Mar-2019;11.43.14;Communication error
02-Mar-2019;11.43.20;Communication error
02-Mar-2019;11.43.25;Communication error
02-Mar-2019;11.43.31;Communication error
02-Mar-2019;11.43.36;Communication error
02-Mar-2019;11.43.42;Communication error
02-Mar-2019;11.43.47;Communication error
02-Mar-2019;11.43.53;Communication error
02-Mar-2019;11.43.58;Communication error
02-Mar-2019;11.44.04;Communication error
02-Mar-2019;11.44.09;Communication error
02-Mar-2019;11.44.15;Communication error
02-Mar-2019;11.44.20;Communication error
02-Mar-2019;11.44.26;Communication error
02-Mar-2019;11.44.31;Communication error
02-Mar-2019;11.44.37;Communication error
02-Mar-2019;11.44.42;Communication error
02-Mar-2019;11.44.48;Communication error
02-Mar-2019;11.44.53;Communication error
02-Mar-2019;11.44.59;Communication error
02-Mar-2019;11.45.04;Communication error
02-Mar-2019;11.45.10;Communication error
02-Mar-2019;11.45.15;Communication error
02-Mar-2019;11.45.21;Communication error
02-Mar-2019;11.45.26;Communication error
02-Mar-2019;11.45.32;Communication error
02-Mar-2019;11.45.37;Communication error
02-Mar-2019;11.45.43;Communication error
02-Mar-2019;11.45.48;Communication error
02-Mar-2019;11.45.54;Communication error
02-Mar-2019;11.45.59;Communication error
02-Mar-2019;11.46.05;Communication error
02-Mar-2019;11.46.10;Communication error
02-Mar-2019;11.46.16;Communication error
02-Mar-2019;11.46.21;Communication error
02-Mar-2019;11.46.27;Communication error
02-Mar-2019;11.46.32;Communication error
02-Mar-2019;11.46.38;Communication error
02-Mar-2019;11.46.43;Communication error
02-Mar-2019;11.46.49;Communication error
02-Mar-2019;11.46.54;Communication error
02-Mar-2019;11.47.00;Communication error
02-Mar-2019;11.47.05;Communication error
02-Mar-2019;11.47.11;Communication error
02-Mar-2019;11.47.16;Communication error
02-Mar-2019;11.47.22;Communication error
02-Mar-2019;11.47.27;Communication error
02-Mar-2019;11.47.33;Communication error
02-Mar-2019;11.47.38;Communication error
02-Mar-2019;11.47.44;Communication error
02-Mar-2019;11.47.49;Communication error
02-Mar-2019;11.47.55;Communication error
02-Mar-2019;11.48.00;Communication error
02-Mar-2019;11.48.06;Communication error
02-Mar-2019;11.48.11;Communication error
02-Mar-2019;11.48.17;Communication error
02-Mar-2019;11.48.22;Communication error
02-Mar-2019;11.48.28;Communication error
02-Mar-2019;11.48.33;Communication error
02-Mar-2019;11.48.39;Communication error
02-Mar-2019;11.48.44;Communication error
02-Mar-2019;11.48.50;Communication error
02-Mar-2019;11.48.55;Communication error
02-Mar-2019;11.49.01;Communication error
02-Mar-2019;11.49.06;Communication error
02-Mar-2019;11.49.12;Communication error
02-Mar-2019;11.49.17;Communication error
02-Mar-2019;11.49.23;Communication error
02-Mar-2019;11.49.28;Communication error
02-Mar-2019;11.49.34;Communication error
02-Mar-2019;11.49.39;Communication error
02-Mar-2019;11.49.45;Communication error
02-Mar-2019;11.49.50;Communication error
02-Mar-2019;11.49.56;Communication error
02-Mar-2019;11.50.01;Communication error
02-Mar-2019;11.50.07;Communication error
02-Mar-2019;11.50.12;Communication error
02-Mar-2019;11.50.18;Communication error
02-Mar-2019;11.50.23;Communication error
02-Mar-2019;11.50.29;Communication error
02-Mar-2019;11.50.34;Communication error
02-Mar-2019;11.50.40;Communication error
02-Mar-2019;11.50.45;Communication error
02-Mar-2019;11.50.51;Communication error
02-Mar-2019;11.50.56;Communication error
02-Mar-2019;11.51.02;Communication error
02-Mar-2019;11.51.07;Communication error
02-Mar-2019;11.51.13;Communication error
02-Mar-2019;11.51.18;Communication error
02-Mar-2019;11.51.24;Communication error
02-Mar-2019;11.51.29;Communication error
02-Mar-2019;11.51.35;Communication error
02-Mar-2019;11.51.40;Communication error
02-Mar-2019;11.51.46;Communication error
02-Mar-2019;11.51.51;Communication error
02-Mar-2019;12.20.59;Communication error
02-Mar-2019;12.21.05;Communication error
02-Mar-2019;12.21.10;Communication error
02-Mar-2019;12.21.16;Communication error
02-Mar-2019;12.21.21;Communication error
02-Mar-2019;12.21.27;Communication error
02-Mar-2019;12.21.32;Communication error
02-Mar-2019;12.21.38;Communication error
02-Mar-2019;12.21.43;Communication error
02-Mar-2019;12.21.49;Communication error
02-Mar-2019;12.21.54;Communication error
02-Mar-2019;12.22.00;Communication error
02-Mar-2019;12.22.05;Communication error
02-Mar-2019;12.22.11;Communication error
02-Mar-2019;12.22.16;Communication error
02-Mar-2019;12.22.22;Communication error
02-Mar-2019;12.22.27;Communication error
02-Mar-2019;12.22.33;Communication error
02-Mar-2019;12.22.38;Communication error
02-Mar-2019;12.22.44;Communication error
02-Mar-2019;12.22.49;Communication error
02-Mar-2019;12.22.55;Communication error
02-Mar-2019;12.23.00;Communication error
02-Mar-2019;12.23.06;Communication error
02-Mar-2019;12.23.11;Communication error
02-Mar-2019;12.23.17;Communication error
02-Mar-2019;12.23.22;Communication error
02-Mar-2019;12.23.28;Communication error
02-Mar-2019;12.23.33;Communication error
02-Mar-2019;12.23.39;Communication error
02-Mar-2019;12.23.44;Communication error
02-Mar-2019;12.23.50;Communication error
02-Mar-2019;12.23.55;Communication error
02-Mar-2019;12.24.01;Communication error
02-Mar-2019;12.24.06;Communication error
02-Mar-2019;12.24.12;Communication error
02-Mar-2019;12.24.17;Communication error
02-Mar-2019;12.24.23;Communication error
02-Mar-2019;12.24.28;Communication error
02-Mar-2019;12.24.34;Communication error
02-Mar-2019;12.24.39;Communication error
02-Mar-2019;12.24.45;Communication error
02-Mar-2019;12.24.50;Communication error
02-Mar-2019;12.24.56;Communication error
02-Mar-2019;12.25.01;Communication error
02-Mar-2019;12.25.07;Communication error
02-Mar-2019;12.25.12;Communication error
02-Mar-2019;12.25.18;Communication error
02-Mar-2019;12.25.23;Communication error
02-Mar-2019;12.25.29;Communication error
02-Mar-2019;12.25.34;Communication error
02-Mar-2019;12.25.40;Communication error
02-Mar-2019;12.25.45;Communication error
02-Mar-2019;12.25.51;Communication error
02-Mar-2019;12.25.56;Communication error
02-Mar-2019;12.26.02;Communication error
02-Mar-2019;12.26.07;Communication error
02-Mar-2019;12.26.13;Communication error
02-Mar-2019;12.26.18;Communication error
02-Mar-2019;12.26.24;Communication error
02-Mar-2019;12.26.29;Communication error
02-Mar-2019;12.26.35;Communication error
02-Mar-2019;12.26.40;Communication error
02-Mar-2019;12.26.46;Communication error
02-Mar-2019;12.26.51;Communication error
02-Mar-2019;12.26.57;Communication error
02-Mar-2019;12.27.02;Communication error
02-Mar-2019;12.27.08;Communication error
02-Mar-2019;12.27.13;Communication error
02-Mar-2019;12.27.19;Communication error
02-Mar-2019;12.27.24;Communication error
02-Mar-2019;12.27.30;Communication error
02-Mar-2019;12.27.35;Communication error
02-Mar-2019;12.27.41;Communication error
02-Mar-2019;12.27.46;Communication error
02-Mar-2019;12.27.52;Communication error
02-Mar-2019;12.27.57;Communication error
02-Mar-2019;12.28.03;Communication error
02-Mar-2019;12.28.08;Communication error
02-Mar-2019;12.28.14;Communication error
02-Mar-2019;12.28.19;Communication error
02-Mar-2019;12.28.25;Communication error
02-Mar-2019;12.28.30;Communication error
02-Mar-2019;12.28.36;Communication error
02-Mar-2019;12.28.41;Communication error
02-Mar-2019;12.28.47;Communication error
02-Mar-2019;12.28.52;Communication error
02-Mar-2019;12.28.58;Communication error
02-Mar-2019;12.29.03;Communication error
02-Mar-2019;12.29.09;Communication error
02-Mar-2019;12.29.14;Communication error
02-Mar-2019;12.29.20;Communication error
02-Mar-2019;12.29.25;Communication error
02-Mar-2019;12.29.31;Communication error
02-Mar-2019;12.29.36;Communication error
02-Mar-2019;12.29.42;Communication error
02-Mar-2019;12.29.47;Communication error
02-Mar-2019;12.29.53;Communication error
02-Mar-2019;12.29.58;Communication error
02-Mar-2019;12.30.04;Communication error
02-Mar-2019;12.30.09;Communication error
02-Mar-2019;12.30.15;Communication error
02-Mar-2019;12.30.20;Communication error
02-Mar-2019;12.30.26;Communication error
02-Mar-2019;12.30.31;Communication error
02-Mar-2019;12.30.37;Communication error
02-Mar-2019;12.30.42;Communication error
02-Mar-2019;12.30.48;Communication error
02-Mar-2019;12.30.53;Communication error
02-Mar-2019;12.30.59;Communication error
02-Mar-2019;12.31.04;Communication error
02-Mar-2019;12.31.10;Communication error
02-Mar-2019;12.31.15;Communication error
02-Mar-2019;12.31.21;Communication error
02-Mar-2019;12.31.26;Communication error
02-Mar-2019;12.31.32;Communication error
02-Mar-2019;12.31.37;Communication error
02-Mar-2019;12.31.43;Communication error
02-Mar-2019;12.31.48;Communication error
02-Mar-2019;12.31.54;Communication error
02-Mar-2019;12.31.59;Communication error
02-Mar-2019;12.32.05;Communication error
02-Mar-2019;12.32.10;Communication error
02-Mar-2019;12.32.16;Communication error
02-Mar-2019;12.32.21;Communication error
02-Mar-2019;12.32.27;Communication error
02-Mar-2019;12.32.32;Communication error
02-Mar-2019;12.32.38;Communication error
02-Mar-2019;12.32.43;Communication error
02-Mar-2019;12.32.49;Communication error
02-Mar-2019;12.32.54;Communication error
02-Mar-2019;12.33.00;Communication error
02-Mar-2019;12.33.05;Communication error
02-Mar-2019;12.33.11;Communication error
02-Mar-2019;12.33.16;Communication error
02-Mar-2019;12.33.22;Communication error
02-Mar-2019;12.33.27;Communication error
02-Mar-2019;12.33.33;Communication error
02-Mar-2019;12.33.38;Communication error
02-Mar-2019;12.33.44;Communication error
02-Mar-2019;12.33.49;Communication error
02-Mar-2019;12.33.55;Communication error
02-Mar-2019;12.34.00;Communication error
02-Mar-2019;12.34.06;Communication error
02-Mar-2019;12.34.11;Communication error
02-Mar-2019;12.34.17;Communication error
02-Mar-2019;12.34.22;Communication error
02-Mar-2019;12.34.28;Communication error
02-Mar-2019;12.34.33;Communication error
02-Mar-2019;12.34.39;Communication error
02-Mar-2019;12.34.44;Communication error
02-Mar-2019;12.34.50;Communication error
02-Mar-2019;12.34.55;Communication error
02-Mar-2019;12.35.01;Communication error
02-Mar-2019;12.35.06;Communication error
02-Mar-2019;12.35.12;Communication error
02-Mar-2019;12.35.17;Communication error
02-Mar-2019;12.35.23;Communication error
02-Mar-2019;12.35.28;Communication error
02-Mar-2019;12.35.34;Communication error
02-Mar-2019;12.35.39;Communication error
02-Mar-2019;12.35.45;Communication error
02-Mar-2019;12.35.50;Communication error
02-Mar-2019;12.35.56;Communication error
02-Mar-2019;12.36.01;Communication error
02-Mar-2019;12.36.07;Communication error
02-Mar-2019;12.36.12;Communication error
02-Mar-2019;12.36.18;Communication error
02-Mar-2019;12.36.23;Communication error
02-Mar-2019;12.36.29;Communication error
02-Mar-2019;12.36.34;Communication error
02-Mar-2019;12.36.40;Communication error
02-Mar-2019;12.36.45;Communication error
02-Mar-2019;12.36.51;Communication error
02-Mar-2019;12.36.56;Communication error
02-Mar-2019;12.37.02;Communication error
02-Mar-2019;12.37.07;Communication error
02-Mar-2019;12.37.13;Communication error
02-Mar-2019;12.37.18;Communication error
02-Mar-2019;12.37.24;Communication error
02-Mar-2019;12.37.29;Communication error
02-Mar-2019;12.37.35;Communication error
02-Mar-2019;12.37.40;Communication error
02-Mar-2019;12.37.46;Communication error
02-Mar-2019;12.37.51;Communication error
02-Mar-2019;12.37.57;Communication error
02-Mar-2019;12.38.02;Communication error
02-Mar-2019;12.38.08;Communication error
02-Mar-2019;12.38.13;Communication error
02-Mar-2019;12.38.19;Communication error
02-Mar-2019;12.38.24;Communication error
02-Mar-2019;12.38.30;Communication error
02-Mar-2019;12.38.35;Communication error
02-Mar-2019;12.38.41;Communication error
02-Mar-2019;12.38.46;Communication error
02-Mar-2019;12.38.52;Communication error
03-Mar-2019;03.34.12;Communication error
03-Mar-2019;23.02.53;Communication error
04-Mar-2019;03.18.05;Communication error
04-Mar-2019;03.48.25;Communication error
04-Mar-2019;07.44.29;Communication error
04-Mar-2019;18.28.10;Communication error
05-Mar-2019;01.29.28;Communication error
05-Mar-2019;04.05.16;Communication error
05-Mar-2019;08.42.07;Communication error
05-Mar-2019;09.24.42;Communication error
05-Mar-2019;12.16.24;Communication error
05-Mar-2019;12.22.29;Communication error
05-Mar-2019;13.02.58;Communication error
05-Mar-2019;15.20.21;Communication error
05-Mar-2019;21.06.54;Communication error
06-Mar-2019;08.51.51;Communication error
06-Mar-2019;09.31.14;Communication error
07-Mar-2019;08.37.03;Communication error
07-Mar-2019;16.30.21;Communication error
08-Mar-2019;01.25.30;Communication error
08-Mar-2019;02.51.14;Communication error
08-Mar-2019;05.12.59;Communication error
08-Mar-2019;15.06.53;Communication error
09-Mar-2019;08.55.19;Communication error
09-Mar-2019;17.41.38;Communication error
09-Mar-2019;17.46.11;Communication error
09-Mar-2019;22.43.52;Communication error
10-Mar-2019;04.34.03;Communication error
Letti valori nulli per volt e ampere
10-Mar-2019;19.52.17;Communication error
10-Mar-2019;22.21.23;Communication error
11-Mar-2019;02.03.03;Communication error
11-Mar-2019;20.50.29;Communication error
11-Mar-2019;22.08.01;Communication error
12-Mar-2019;13.09.27;Communication error
12-Mar-2019;14.38.07;Communication error
13-Mar-2019;00.40.23;Communication error
13-Mar-2019;03.47.05;Communication error
13-Mar-2019;16.59.47;Communication error
14-Mar-2019;04.31.07;Communication error
15-Mar-2019;10.45.28;Communication error
15-Mar-2019;16.40.40;Communication error
16-Mar-2019;09.10.32;Communication error
16-Mar-2019;10.25.22;Communication error
16-Mar-2019;11.33.56;Communication error
16-Mar-2019;15.06.27;Communication error
16-Mar-2019;23.25.34;Communication error
16-Mar-2019;23.42.58;Communication error
16-Mar-2019;23.46.23;Communication error
17-Mar-2019;20.22.17;Communication error
17-Mar-2019;22.46.08;Communication error
18-Mar-2019;20.50.15;Communication error
19-Mar-2019;09.34.52;Communication error
19-Mar-2019;10.00.23;Communication error
19-Mar-2019;11.27.19;Communication error
19-Mar-2019;17.56.43;Communication error
20-Mar-2019;01.57.46;Communication error
20-Mar-2019;03.25.50;Communication error
21-Mar-2019;21.33.23;Communication error
22-Mar-2019;06.03.39;Communication error
22-Mar-2019;06.32.51;Communication error
Letti valori nulli per volt e ampere
24-Mar-2019;01.41.10;Communication error
24-Mar-2019;01.49.59;Communication error
24-Mar-2019;01.53.30;Communication error
24-Mar-2019;19.42.55;Communication error
25-Mar-2019;02.29.52;Communication error
25-Mar-2019;10.33.40;Communication error
25-Mar-2019;20.15.11;Communication error
26-Mar-2019;07.53.53;Communication error
26-Mar-2019;07.54.45;Communication error
26-Mar-2019;19.58.06;Communication error
27-Mar-2019;14.15.24;Communication error
27-Mar-2019;18.41.01;Communication error
28-Mar-2019;02.28.01;Communication error
28-Mar-2019;06.45.12;Communication error
28-Mar-2019;21.18.30;Communication error
28-Mar-2019;22.51.24;Communication error
29-Mar-2019;08.53.11;Communication error
29-Mar-2019;18.20.13;Communication error
29-Mar-2019;22.13.32;Communication error
30-Mar-2019;05.43.34;Communication error
30-Mar-2019;09.10.04;Communication error
30-Mar-2019;10.28.57;Communication error
30-Mar-2019;20.30.57;Communication error
30-Mar-2019;21.07.29;Communication error
31-Mar-2019;08.42.41;Communication error
31-Mar-2019;11.01.29;Communication error
31-Mar-2019;13.47.03;Communication error
01-Apr-2019;01.35.08;Communication error
01-Apr-2019;15.59.01;Communication error
02-Apr-2019;03.35.00;Communication error
02-Apr-2019;04.59.30;Communication error
02-Apr-2019;17.57.15;Communication error
03-Apr-2019;06.03.38;Communication error
04-Apr-2019;20.46.31;Communication error
04-Apr-2019;23.37.11;Communication error
05-Apr-2019;12.50.07;Communication error
05-Apr-2019;16.25.02;Communication error
05-Apr-2019;19.06.17;Communication error
05-Apr-2019;22.18.49;Communication error
06-Apr-2019;09.46.35;Communication error
06-Apr-2019;13.35.04;Communication error
06-Apr-2019;18.55.24;Communication error
07-Apr-2019;20.16.55;Communication error
08-Apr-2019;13.08.23;Communication error
08-Apr-2019;15.10.44;Communication error
09-Apr-2019;20.25.45;Communication error
09-Apr-2019;23.21.47;Communication error
terminate signal catched
